<?xml version="1.0" encoding="UTF-8"?>
<!-- Generated by org.testng.reporters.JUnitXMLReporter -->
<testsuite ignored="0" hostname="DESKTOP-FRV6BVL" failures="0" tests="7" name="Default test" time="7.739" errors="0" timestamp="2022-11-17T19:28:52 IST">
  <testcase classname="byjusTestPack.HomePageTest" name="TC001" time="0.018"/>
  <testcase classname="byjusTestPack.HomePageTest" name="TC002" time="0.059"/>
  <testcase classname="byjusTestPack.HomePageTest" name="TC003" time="0.352"/>
  <testcase classname="byjusTestPack.HomePageTest" name="TC004" time="0.058"/>
  <testcase classname="byjusTestPack.HomePageTest" name="TC005" time="0.024"/>
  <testcase classname="byjusTestPack.HomePageTest" name="TC006" time="0.049"/>
  <testcase classname="byjusTestPack.HomePageTest" name="assertAll" time="0.001"/>
</testsuite> <!-- Default test -->
