<?xml version="1.0" encoding="UTF-8"?>
<testng-results ignored="0" total="7" passed="7" failed="0" skipped="0">
  <reporter-output>
  </reporter-output>
  <suite started-at="2022-11-17T19:28:44 IST" name="Default suite" finished-at="2022-11-17T19:28:52 IST" duration-ms="7739">
    <groups>
    </groups>
    <test started-at="2022-11-17T19:28:44 IST" name="Default test" finished-at="2022-11-17T19:28:52 IST" duration-ms="7739">
      <class name="byjusTestPack.HomePageTest">
        <test-method is-config="true" signature="openBroswer()[pri:0, instance:byjusTestPack.HomePageTest@7ef82753]" started-at="2022-11-17T19:28:44 IST" name="openBroswer" finished-at="2022-11-17T19:28:49 IST" duration-ms="4828" status="PASS">
          <reporter-output>
          </reporter-output>
        </test-method> <!-- openBroswer -->
        <test-method is-config="true" signature="createObjects()[pri:0, instance:byjusTestPack.HomePageTest@7ef82753]" started-at="2022-11-17T19:28:49 IST" name="createObjects" finished-at="2022-11-17T19:28:49 IST" duration-ms="14" status="PASS">
          <reporter-output>
          </reporter-output>
        </test-method> <!-- createObjects -->
        <test-method is-config="true" signature="A()[pri:0, instance:byjusTestPack.HomePageTest@7ef82753]" started-at="2022-11-17T19:28:49 IST" name="A" finished-at="2022-11-17T19:28:49 IST" duration-ms="0" status="PASS">
          <reporter-output>
          </reporter-output>
        </test-method> <!-- A -->
        <test-method signature="TC001()[pri:0, instance:byjusTestPack.HomePageTest@7ef82753]" started-at="2022-11-17T19:28:49 IST" name="TC001" finished-at="2022-11-17T19:28:49 IST" duration-ms="18" status="PASS">
          <reporter-output>
          </reporter-output>
        </test-method> <!-- TC001 -->
        <test-method is-config="true" signature="B()[pri:0, instance:byjusTestPack.HomePageTest@7ef82753]" started-at="2022-11-17T19:28:49 IST" name="B" finished-at="2022-11-17T19:28:49 IST" duration-ms="1" status="PASS">
          <reporter-output>
          </reporter-output>
        </test-method> <!-- B -->
        <test-method signature="TC002()[pri:0, instance:byjusTestPack.HomePageTest@7ef82753]" started-at="2022-11-17T19:28:49 IST" name="TC002" finished-at="2022-11-17T19:28:49 IST" duration-ms="59" status="PASS">
          <reporter-output>
          </reporter-output>
        </test-method> <!-- TC002 -->
        <test-method is-config="true" signature="A()[pri:0, instance:byjusTestPack.HomePageTest@7ef82753]" started-at="2022-11-17T19:28:49 IST" name="A" finished-at="2022-11-17T19:28:49 IST" duration-ms="0" status="PASS">
          <reporter-output>
          </reporter-output>
        </test-method> <!-- A -->
        <test-method is-config="true" signature="B()[pri:0, instance:byjusTestPack.HomePageTest@7ef82753]" started-at="2022-11-17T19:28:50 IST" name="B" finished-at="2022-11-17T19:28:50 IST" duration-ms="1" status="PASS">
          <reporter-output>
          </reporter-output>
        </test-method> <!-- B -->
        <test-method signature="TC003()[pri:0, instance:byjusTestPack.HomePageTest@7ef82753]" started-at="2022-11-17T19:28:50 IST" name="TC003" finished-at="2022-11-17T19:28:50 IST" duration-ms="352" status="PASS">
          <reporter-output>
          </reporter-output>
        </test-method> <!-- TC003 -->
        <test-method is-config="true" signature="A()[pri:0, instance:byjusTestPack.HomePageTest@7ef82753]" started-at="2022-11-17T19:28:50 IST" name="A" finished-at="2022-11-17T19:28:50 IST" duration-ms="0" status="PASS">
          <reporter-output>
          </reporter-output>
        </test-method> <!-- A -->
        <test-method is-config="true" signature="B()[pri:0, instance:byjusTestPack.HomePageTest@7ef82753]" started-at="2022-11-17T19:28:50 IST" name="B" finished-at="2022-11-17T19:28:50 IST" duration-ms="1" status="PASS">
          <reporter-output>
          </reporter-output>
        </test-method> <!-- B -->
        <test-method signature="TC004()[pri:0, instance:byjusTestPack.HomePageTest@7ef82753]" started-at="2022-11-17T19:28:50 IST" name="TC004" finished-at="2022-11-17T19:28:50 IST" duration-ms="58" status="PASS">
          <reporter-output>
          </reporter-output>
        </test-method> <!-- TC004 -->
        <test-method is-config="true" signature="A()[pri:0, instance:byjusTestPack.HomePageTest@7ef82753]" started-at="2022-11-17T19:28:50 IST" name="A" finished-at="2022-11-17T19:28:50 IST" duration-ms="0" status="PASS">
          <reporter-output>
          </reporter-output>
        </test-method> <!-- A -->
        <test-method is-config="true" signature="B()[pri:0, instance:byjusTestPack.HomePageTest@7ef82753]" started-at="2022-11-17T19:28:51 IST" name="B" finished-at="2022-11-17T19:28:51 IST" duration-ms="1" status="PASS">
          <reporter-output>
          </reporter-output>
        </test-method> <!-- B -->
        <test-method signature="TC005()[pri:0, instance:byjusTestPack.HomePageTest@7ef82753]" started-at="2022-11-17T19:28:51 IST" name="TC005" finished-at="2022-11-17T19:28:51 IST" duration-ms="24" status="PASS">
          <reporter-output>
          </reporter-output>
        </test-method> <!-- TC005 -->
        <test-method is-config="true" signature="A()[pri:0, instance:byjusTestPack.HomePageTest@7ef82753]" started-at="2022-11-17T19:28:51 IST" name="A" finished-at="2022-11-17T19:28:51 IST" duration-ms="0" status="PASS">
          <reporter-output>
          </reporter-output>
        </test-method> <!-- A -->
        <test-method signature="TC006()[pri:0, instance:byjusTestPack.HomePageTest@7ef82753]" started-at="2022-11-17T19:28:51 IST" name="TC006" finished-at="2022-11-17T19:28:51 IST" duration-ms="49" status="PASS">
          <reporter-output>
          </reporter-output>
        </test-method> <!-- TC006 -->
        <test-method is-config="true" signature="A()[pri:0, instance:byjusTestPack.HomePageTest@7ef82753]" started-at="2022-11-17T19:28:51 IST" name="A" finished-at="2022-11-17T19:28:51 IST" duration-ms="0" status="PASS">
          <reporter-output>
          </reporter-output>
        </test-method> <!-- A -->
        <test-method is-config="true" signature="B()[pri:0, instance:byjusTestPack.HomePageTest@7ef82753]" started-at="2022-11-17T19:28:51 IST" name="B" finished-at="2022-11-17T19:28:51 IST" duration-ms="0" status="PASS">
          <reporter-output>
          </reporter-output>
        </test-method> <!-- B -->
        <test-method is-config="true" signature="B()[pri:0, instance:byjusTestPack.HomePageTest@7ef82753]" started-at="2022-11-17T19:28:51 IST" name="B" finished-at="2022-11-17T19:28:51 IST" duration-ms="0" status="PASS">
          <reporter-output>
          </reporter-output>
        </test-method> <!-- B -->
        <test-method is-config="true" signature="A()[pri:0, instance:byjusTestPack.HomePageTest@7ef82753]" started-at="2022-11-17T19:28:51 IST" name="A" finished-at="2022-11-17T19:28:51 IST" duration-ms="1" status="PASS">
          <reporter-output>
          </reporter-output>
        </test-method> <!-- A -->
        <test-method signature="assertAll()[pri:0, instance:byjusTestPack.HomePageTest@7ef82753]" started-at="2022-11-17T19:28:51 IST" name="assertAll" finished-at="2022-11-17T19:28:51 IST" duration-ms="1" status="PASS">
          <reporter-output>
          </reporter-output>
        </test-method> <!-- assertAll -->
        <test-method is-config="true" signature="B()[pri:0, instance:byjusTestPack.HomePageTest@7ef82753]" started-at="2022-11-17T19:28:52 IST" name="B" finished-at="2022-11-17T19:28:52 IST" duration-ms="0" status="PASS">
          <reporter-output>
          </reporter-output>
        </test-method> <!-- B -->
        <test-method is-config="true" signature="destroyObjects()[pri:0, instance:byjusTestPack.HomePageTest@7ef82753]" started-at="2022-11-17T19:28:52 IST" name="destroyObjects" finished-at="2022-11-17T19:28:52 IST" duration-ms="1" status="PASS">
          <reporter-output>
          </reporter-output>
        </test-method> <!-- destroyObjects -->
        <test-method is-config="true" signature="closeBrowser()[pri:0, instance:byjusTestPack.HomePageTest@7ef82753]" started-at="2022-11-17T19:28:52 IST" name="closeBrowser" finished-at="2022-11-17T19:28:52 IST" duration-ms="404" status="PASS">
          <reporter-output>
          </reporter-output>
        </test-method> <!-- closeBrowser -->
      </class> <!-- byjusTestPack.HomePageTest -->
    </test> <!-- Default test -->
  </suite> <!-- Default suite -->
</testng-results>
